# JRE version: OpenJDK Runtime Environment Temurin-21.0.10+7 (21.0.10+7) (build 21.0.10+7-LTS)
# Java VM: OpenJDK 64-Bit Server VM Temurin-21.0.10+7 (21.0.10+7-LTS, mixed mode, sharing, tiered, compressed oops, compressed class ptrs, g1 gc, windows-amd64)
GC Precious Log:
 CardTable entry size: 512
 Card Set container configuration: InlinePtr #cards 5 size 8 Array Of Cards #cards 12 size 40 Howl #buckets 4 coarsen threshold 1843 Howl Bitmap #cards 512 size 80 coarsen threshold 460 Card regions per heap region 1 cards per card region 2048
 CPUs: 12 total, 12 available
 Memory: 16299M
 Large Page Support: Disabled
 NUMA Support: Disabled
 Compressed Oops: Enabled (32-bit)
 Heap Region Size: 1M
 Heap Min Capacity: 256M
 Heap Initial Capacity: 256M
 Heap Max Capacity: 512M
 Pre-touch: Disabled
 Parallel Workers: 10
 Concurrent Workers: 3
 Concurrent Refinement Workers: 10
 Periodic GC: Disabled
Heap:
 garbage-first heap   total 266240K, used 185285K [0x00000000e0000000, 0x0000000100000000)
  region size 1024K, 90 young (92160K), 11 survivors (11264K)
 Metaspace       used 131156K, committed 133376K, reserved 458752K
  class space    used 17084K, committed 18176K, reserved 327680K
GC Heap History (20 events):
Event: 36.079 GC heap before
{Heap before GC invocations=60 (full 0):
 garbage-first heap   total 262144K, used 235101K [0x00000000e0000000, 0x0000000100000000)
  region size 1024K, 153 young (156672K), 2 survivors (2048K)
 Metaspace       used 76230K, committed 77824K, reserved 458752K
  class space    used 10697K, committed 11456K, reserved 327680K
}
Event: 36.087 GC heap after
{Heap after GC invocations=61 (full 0):
 garbage-first heap   total 262144K, used 88193K [0x00000000e0000000, 0x0000000100000000)
  region size 1024K, 16 young (16384K), 16 survivors (16384K)
 Metaspace       used 76230K, committed 77824K, reserved 458752K
  class space    used 10697K, committed 11456K, reserved 327680K
}
Event: 43.119 GC heap before
{Heap before GC invocations=61 (full 0):
 garbage-first heap   total 262144K, used 236673K [0x00000000e0000000, 0x0000000100000000)
  region size 1024K, 153 young (156672K), 16 survivors (16384K)
 Metaspace       used 91828K, committed 93760K, reserved 458752K
  class space    used 12499K, committed 13440K, reserved 327680K
}
Event: 43.134 GC heap after
{Heap after GC invocations=62 (full 0):
 garbage-first heap   total 266240K, used 97570K [0x00000000e0000000, 0x0000000100000000)
  region size 1024K, 13 young (13312K), 13 survivors (13312K)
 Metaspace       used 91828K, committed 93760K, reserved 458752K
  class space    used 12499K, committed 13440K, reserved 327680K
}
Event: 50.407 GC heap before
{Heap before GC invocations=62 (full 0):
 garbage-first heap   total 266240K, used 197922K [0x00000000e0000000, 0x0000000100000000)
  region size 1024K, 112 young (114688K), 13 survivors (13312K)
 Metaspace       used 99504K, committed 101440K, reserved 458752K
  class space    used 13300K, committed 14272K, reserved 327680K
}
Event: 50.415 GC heap after
{Heap after GC invocations=63 (full 0):
 garbage-first heap   total 266240K, used 102029K [0x00000000e0000000, 0x0000000100000000)
  region size 1024K, 9 young (9216K), 9 survivors (9216K)
 Metaspace       used 99504K, committed 101440K, reserved 458752K
  class space    used 13300K, committed 14272K, reserved 327680K
}
Event: 60.173 GC heap before
{Heap before GC invocations=64 (full 0):
 garbage-first heap   total 266240K, used 234125K [0x00000000e0000000, 0x0000000100000000)
  region size 1024K, 142 young (145408K), 9 survivors (9216K)
 Metaspace       used 116450K, committed 118656K, reserved 458752K
  class space    used 15298K, committed 16384K, reserved 327680K
}
Event: 60.180 GC heap after
{Heap after GC invocations=65 (full 0):
 garbage-first heap   total 266240K, used 102808K [0x00000000e0000000, 0x0000000100000000)
  region size 1024K, 12 young (12288K), 12 survivors (12288K)
 Metaspace       used 116450K, committed 118656K, reserved 458752K
  class space    used 15298K, committed 16384K, reserved 327680K
}
Event: 61.081 GC heap before
{Heap before GC invocations=65 (full 0):
 garbage-first heap   total 266240K, used 243096K [0x00000000e0000000, 0x0000000100000000)
  region size 1024K, 149 young (152576K), 12 survivors (12288K)
 Metaspace       used 116450K, committed 118656K, reserved 458752K
  class space    used 15298K, committed 16384K, reserved 327680K
}
Event: 61.088 GC heap after
{Heap after GC invocations=66 (full 0):
 garbage-first heap   total 266240K, used 101753K [0x00000000e0000000, 0x0000000100000000)
  region size 1024K, 7 young (7168K), 7 survivors (7168K)
 Metaspace       used 116450K, committed 118656K, reserved 458752K
  class space    used 15298K, committed 16384K, reserved 327680K
}
Event: 62.090 GC heap before
{Heap before GC invocations=66 (full 0):
 garbage-first heap   total 266240K, used 245113K [0x00000000e0000000, 0x0000000100000000)
  region size 1024K, 147 young (150528K), 7 survivors (7168K)
 Metaspace       used 116450K, committed 118656K, reserved 458752K
  class space    used 15298K, committed 16384K, reserved 327680K
}
Event: 62.094 GC heap after
{Heap after GC invocations=67 (full 0):
 garbage-first heap   total 266240K, used 103597K [0x00000000e0000000, 0x0000000100000000)
  region size 1024K, 8 young (8192K), 8 survivors (8192K)
 Metaspace       used 116450K, committed 118656K, reserved 458752K
  class space    used 15298K, committed 16384K, reserved 327680K
}
Event: 63.141 GC heap before
{Heap before GC invocations=68 (full 0):
 garbage-first heap   total 266240K, used 249005K [0x00000000e0000000, 0x0000000100000000)
  region size 1024K, 150 young (153600K), 8 survivors (8192K)
 Metaspace       used 116450K, committed 118656K, reserved 458752K
  class space    used 15298K, committed 16384K, reserved 327680K
}
Event: 63.145 GC heap after
{Heap after GC invocations=69 (full 0):
 garbage-first heap   total 266240K, used 106073K [0x00000000e0000000, 0x0000000100000000)
  region size 1024K, 11 young (11264K), 11 survivors (11264K)
 Metaspace       used 116450K, committed 118656K, reserved 458752K
  class space    used 15298K, committed 16384K, reserved 327680K
}
Event: 64.338 GC heap before
{Heap before GC invocations=69 (full 0):
 garbage-first heap   total 266240K, used 250457K [0x00000000e0000000, 0x0000000100000000)
  region size 1024K, 152 young (155648K), 11 survivors (11264K)
 Metaspace       used 116452K, committed 118656K, reserved 458752K
  class space    used 15298K, committed 16384K, reserved 327680K
}
Event: 64.342 GC heap after
{Heap after GC invocations=70 (full 0):
 garbage-first heap   total 266240K, used 96846K [0x00000000e0000000, 0x0000000100000000)
  region size 1024K, 5 young (5120K), 5 survivors (5120K)
 Metaspace       used 116452K, committed 118656K, reserved 458752K
  class space    used 15298K, committed 16384K, reserved 327680K
}
Event: 65.833 GC heap before
{Heap before GC invocations=70 (full 0):
 garbage-first heap   total 266240K, used 245326K [0x00000000e0000000, 0x0000000100000000)
  region size 1024K, 151 young (154624K), 5 survivors (5120K)
 Metaspace       used 117623K, committed 119808K, reserved 458752K
  class space    used 15417K, committed 16512K, reserved 327680K
}
Event: 65.837 GC heap after
{Heap after GC invocations=71 (full 0):
 garbage-first heap   total 266240K, used 99658K [0x00000000e0000000, 0x0000000100000000)
  region size 1024K, 8 young (8192K), 8 survivors (8192K)
 Metaspace       used 117623K, committed 119808K, reserved 458752K
  class space    used 15417K, committed 16512K, reserved 327680K
}
Event: 75.367 GC heap before
{Heap before GC invocations=72 (full 0):
 garbage-first heap   total 266240K, used 251210K [0x00000000e0000000, 0x0000000100000000)
  region size 1024K, 156 young (159744K), 8 survivors (8192K)
 Metaspace       used 130316K, committed 132480K, reserved 458752K
  class space    used 16954K, committed 17984K, reserved 327680K
}
Event: 75.375 GC heap after
{Heap after GC invocations=73 (full 0):
 garbage-first heap   total 266240K, used 103365K [0x00000000e0000000, 0x0000000100000000)
  region size 1024K, 11 young (11264K), 11 survivors (11264K)
 Metaspace       used 130316K, committed 132480K, reserved 458752K
  class space    used 16954K, committed 17984K, reserved 327680K
}

